<?xml version="1.0" encoding="UTF-8"?>
<!-- Generated by org.testng.reporters.JUnitReportReporter -->
<testsuite name="appium.Launching_Application" tests="1" time="13.708" ignored="0" failures="0" timestamp="11 Sep 2017 09:50:12 GMT" skipped="0" hostname="Anjans-MacBook-Pro.local" errors="0">
  <testcase name="Launch" time="13.708" classname="appium.Launching_Application"/>
</testsuite> <!-- appium.Launching_Application -->
